{
  "RSpec": {
    "coverage": {
      "/Users/Junta/Desktop/Projects/i-shop-beer/spec/controllers/beers_controller_spec.rb": [
        1,
        null,
        1,
        null,
        null
      ],
      "/Users/Junta/Desktop/Projects/i-shop-beer/spec/rails_helper.rb": [
        null,
        1,
        1,
        null,
        1,
        1,
        1,
        null,
        null,
        null,
        null,
        null,
        null,
        null,
        null,
        null,
        null,
        null,
        null,
        null,
        null,
        null,
        2,
        null,
        null,
        null,
        1,
        null,
        1,
        null,
        1,
        null,
        null,
        null,
        null,
        1,
        null,
        null,
        null,
        null,
        null,
        null,
        null,
        null,
        null,
        null,
        null,
        null,
        null,
        null,
        1,
        null,
        null,
        1,
        null,
        null,
        null
      ],
      "/Users/Junta/Desktop/Projects/i-shop-beer/config/environment.rb": [
        null,
        1,
        null,
        null,
        1
      ],
      "/Users/Junta/Desktop/Projects/i-shop-beer/config/application.rb": [
        1,
        null,
        1,
        null,
        1,
        1,
        1,
        1,
        1,
        1,
        1,
        null,
        null,
        null,
        null,
        1,
        null,
        1,
        1,
        null,
        null,
        null,
        null,
        null,
        null,
        null,
        null,
        null,
        null,
        null,
        null,
        null,
        1,
        null,
        null
      ],
      "/Users/Junta/Desktop/Projects/i-shop-beer/config/boot.rb": [
        1,
        null,
        1
      ],
      "/Users/Junta/Desktop/Projects/i-shop-beer/config/environments/test.rb": [
        1,
        null,
        null,
        null,
        null,
        null,
        null,
        1,
        null,
        null,
        null,
        null,
        1,
        null,
        null,
        1,
        1,
        null,
        null,
        1,
        1,
        null,
        null,
        1,
        null,
        null,
        1,
        null,
        null,
        null,
        null,
        1,
        null,
        null,
        1,
        null,
        null,
        1,
        null,
        null,
        null,
        null
      ],
      "/Users/Junta/Desktop/Projects/i-shop-beer/config/initializers/assets.rb": [
        null,
        null,
        null,
        1,
        null,
        null,
        null,
        null,
        null,
        null,
        null
      ],
      "/Users/Junta/Desktop/Projects/i-shop-beer/config/initializers/backtrace_silencers.rb": [
        null,
        null,
        null,
        null,
        null,
        null,
        null
      ],
      "/Users/Junta/Desktop/Projects/i-shop-beer/config/initializers/cookies_serializer.rb": [
        null,
        null,
        1
      ],
      "/Users/Junta/Desktop/Projects/i-shop-beer/config/initializers/filter_parameter_logging.rb": [
        null,
        null,
        null,
        1
      ],
      "/Users/Junta/Desktop/Projects/i-shop-beer/config/initializers/inflections.rb": [
        null,
        null,
        null,
        null,
        null,
        null,
        null,
        null,
        null,
        null,
        null,
        null,
        null,
        null,
        null,
        null
      ],
      "/Users/Junta/Desktop/Projects/i-shop-beer/config/initializers/mime_types.rb": [
        null,
        null,
        null,
        null
      ],
      "/Users/Junta/Desktop/Projects/i-shop-beer/config/initializers/session_store.rb": [
        null,
        null,
        1
      ],
      "/Users/Junta/Desktop/Projects/i-shop-beer/config/initializers/wrap_parameters.rb": [
        null,
        null,
        null,
        null,
        null,
        null,
        1,
        1,
        null,
        null,
        null,
        null,
        null,
        null
      ],
      "/Users/Junta/Desktop/Projects/i-shop-beer/spec/factories/beer_orders.rb": [
        1,
        1,
        1,
        1,
        null,
        null
      ],
      "/Users/Junta/Desktop/Projects/i-shop-beer/spec/factories/orders.rb": [
        1,
        1,
        1,
        null,
        null
      ],
      "/Users/Junta/Desktop/Projects/i-shop-beer/spec/factories/users.rb": [
        1,
        1,
        1,
        1,
        null,
        null
      ],
      "/Users/Junta/Desktop/Projects/i-shop-beer/config/routes.rb": [
        1,
        null,
        1,
        1,
        null,
        1,
        1,
        null,
        null,
        1,
        1,
        null,
        null,
        1,
        null,
        1,
        null,
        1,
        null,
        1,
        1,
        1,
        null,
        1,
        null,
        1,
        1,
        1,
        null,
        1,
        null,
        1,
        1,
        1,
        1,
        1,
        null,
        1,
        1,
        null,
        null,
        1,
        null,
        null
      ],
      "/Users/Junta/Desktop/Projects/i-shop-beer/app/helpers/application_helper.rb": [
        1,
        null,
        1,
        16,
        9,
        9,
        null,
        16,
        7,
        null,
        9,
        null,
        null,
        null,
        1,
        6,
        2,
        null,
        null,
        null,
        null
      ],
      "/Users/Junta/Desktop/Projects/i-shop-beer/app/helpers/beers_helper.rb": [
        1,
        1,
        9,
        null,
        null
      ],
      "/Users/Junta/Desktop/Projects/i-shop-beer/app/helpers/dashboard_helper.rb": [
        1,
        null,
        1,
        14,
        0,
        14,
        1,
        13,
        0,
        13,
        0,
        null,
        13,
        null,
        null,
        null,
        null
      ],
      "/Users/Junta/Desktop/Projects/i-shop-beer/app/helpers/sessions_helper.rb": [
        1,
        null,
        1,
        22,
        22,
        1,
        21,
        1,
        20,
        9,
        11,
        11,
        null,
        0,
        null,
        null,
        null,
        1,
        1,
        1,
        null,
        null,
        1,
        1,
        1,
        null,
        null,
        1,
        9,
        9,
        9,
        null,
        null,
        1,
        11,
        11,
        11,
        null,
        null,
        null
      ],
      "/Users/Junta/Desktop/Projects/i-shop-beer/app/helpers/styles_helper.rb": [
        1,
        null
      ],
      "/Users/Junta/Desktop/Projects/i-shop-beer/spec/support/factory_girl.rb": [
        1,
        1,
        1,
        1,
        1,
        1,
        null,
        1,
        null,
        null,
        null
      ],
      "/Users/Junta/Desktop/Projects/i-shop-beer/app/controllers/beers_controller.rb": [
        1,
        null,
        1,
        34,
        null,
        null,
        1,
        1,
        null,
        null,
        null
      ],
      "/Users/Junta/Desktop/Projects/i-shop-beer/app/controllers/application_controller.rb": [
        1,
        null,
        null,
        1,
        null,
        1,
        null,
        1,
        null,
        1,
        158,
        158,
        null,
        null,
        1,
        120,
        null,
        null,
        1,
        356,
        null,
        null,
        1,
        178,
        null,
        null,
        1,
        18,
        11,
        null,
        null,
        null,
        1,
        2,
        null,
        null,
        1,
        23,
        null,
        null,
        null,
        null
      ],
      "/Users/Junta/Desktop/Projects/i-shop-beer/spec/controllers/styles_controller_spec.rb": [
        1,
        null,
        1,
        null,
        null
      ],
      "/Users/Junta/Desktop/Projects/i-shop-beer/app/controllers/styles_controller.rb": [
        1,
        null,
        1,
        3,
        null,
        null,
        1,
        3,
        3,
        1,
        null,
        2,
        null,
        null,
        null
      ],
      "/Users/Junta/Desktop/Projects/i-shop-beer/spec/features/admin/admin_can_change_order_status_spec.rb": [
        1,
        null,
        1,
        1,
        0,
        0,
        null,
        null,
        0,
        0,
        0,
        0,
        null,
        0,
        null,
        0,
        null,
        0,
        0,
        0,
        0,
        0,
        null,
        0,
        0,
        null,
        0,
        0,
        0,
        null,
        null,
        0,
        0,
        0,
        null,
        null,
        null,
        0,
        0,
        0,
        0,
        0,
        0,
        null,
        null,
        0,
        0,
        0,
        0,
        null,
        null,
        null,
        0,
        0,
        null,
        0,
        0,
        0,
        null,
        null,
        0,
        0,
        0,
        null,
        null,
        null,
        0,
        0,
        0,
        0,
        0,
        0,
        null,
        null,
        0,
        0,
        0,
        0,
        null,
        null,
        null,
        null,
        null,
        null
      ],
      "/Users/Junta/Desktop/Projects/i-shop-beer/spec/features/admin/admin_can_change_own_data_spec.rb": [
        1,
        null,
        1,
        1,
        1,
        null,
        1,
        null,
        1,
        1,
        1,
        1,
        null,
        null,
        1,
        null,
        1,
        1,
        1,
        null,
        1,
        null,
        1,
        null,
        null,
        null
      ],
      "/Users/Junta/Desktop/Projects/i-shop-beer/spec/features/admin/admin_can_view_specific_order_spec.rb": [
        1,
        null,
        1,
        1,
        1,
        null,
        1,
        1,
        1,
        1,
        null,
        1,
        1,
        null,
        1,
        1,
        1,
        1,
        1,
        null,
        null,
        1,
        null,
        1,
        1,
        1,
        1,
        1,
        1,
        1,
        1,
        1,
        null,
        null,
        null,
        null
      ],
      "/Users/Junta/Desktop/Projects/i-shop-beer/spec/features/admin/admin_sees_list_of_orders_spec.rb": [
        1,
        null,
        1,
        1,
        1,
        null,
        1,
        1,
        null,
        null,
        1,
        1,
        1,
        1,
        null,
        1,
        1,
        null,
        1,
        1,
        null,
        1,
        1,
        1,
        1,
        1,
        null,
        null,
        1,
        1,
        1,
        null,
        null,
        null,
        1,
        1,
        null,
        1,
        1,
        null,
        null,
        1,
        1,
        1,
        1,
        null,
        1,
        1,
        null,
        1,
        1,
        null,
        1,
        1,
        1,
        1,
        1,
        null,
        null,
        1,
        1,
        1,
        1,
        null,
        null,
        null
      ],
      "/Users/Junta/Desktop/Projects/i-shop-beer/spec/features/admin/admin_sees_orders_by_status_spec.rb": [
        1,
        null,
        1,
        null,
        1,
        2,
        2,
        null,
        null,
        2,
        2,
        2,
        2,
        null,
        2,
        2,
        null,
        2,
        2,
        null,
        2,
        2,
        2,
        2,
        2,
        null,
        null,
        null,
        1,
        1,
        null,
        1,
        1,
        1,
        null,
        null,
        null,
        1,
        1,
        null,
        1,
        1,
        1,
        null,
        1,
        1,
        null,
        null,
        null,
        null
      ],
      "/Users/Junta/Desktop/Projects/i-shop-beer/spec/features/admin/logged_in_admin_can_edit_items_spec.rb": [
        1,
        null,
        1,
        1,
        1,
        1,
        1,
        1,
        1,
        1,
        null,
        1,
        1,
        1,
        1,
        1,
        null,
        null,
        1,
        1,
        null,
        null,
        null,
        1,
        1,
        1,
        1,
        null,
        1,
        1,
        1,
        1,
        1,
        null,
        null,
        1,
        1,
        1,
        1,
        null,
        1,
        null,
        null,
        null
      ],
      "/Users/Junta/Desktop/Projects/i-shop-beer/spec/features/admin/logged_in_admin_can_see_styles_index_spec.rb": [
        1,
        null,
        1,
        1,
        1,
        null,
        1,
        null,
        1,
        1,
        1,
        1,
        1,
        null,
        null,
        1,
        null,
        null,
        null,
        null,
        1,
        1,
        1,
        null,
        1,
        null,
        1,
        1,
        1,
        1,
        1,
        null,
        1,
        null,
        1,
        null,
        null,
        null,
        null,
        1,
        1,
        1,
        null,
        1,
        null,
        1,
        null,
        null,
        null
      ],
      "/Users/Junta/Desktop/Projects/i-shop-beer/spec/features/beers/user_can_visit_beer_index_spec.rb": [
        1,
        null,
        1,
        1,
        1,
        1,
        1,
        null,
        1,
        null,
        1,
        null,
        null,
        null,
        1,
        1,
        1,
        1,
        null,
        1,
        1,
        null,
        1,
        null,
        null,
        null
      ],
      "/Users/Junta/Desktop/Projects/i-shop-beer/app/models/beer.rb": [
        1,
        1,
        1,
        1,
        null,
        1,
        1,
        1,
        null,
        1,
        null,
        null,
        null,
        null,
        null,
        1,
        null,
        1,
        36,
        2,
        null,
        34,
        null,
        null,
        null,
        1,
        null,
        1,
        22,
        null,
        null,
        1,
        15,
        null,
        null,
        null
      ],
      "/Users/Junta/Desktop/Projects/i-shop-beer/spec/features/beers/users_cannot_order_unavailable_beers_spec.rb": [
        1,
        null,
        1,
        1,
        1,
        1,
        1,
        1,
        1,
        1,
        1,
        null,
        1,
        null,
        1,
        1,
        null,
        null,
        null,
        null
      ],
      "/Users/Junta/Desktop/Projects/i-shop-beer/spec/features/cart/guest_sees_cart_after_login_spec.rb": [
        1,
        null,
        1,
        1,
        1,
        null,
        1,
        1,
        1,
        null,
        1,
        1,
        null,
        1,
        1,
        1,
        1,
        1,
        null,
        null,
        1,
        null,
        1,
        1,
        null,
        null,
        1,
        null,
        1,
        1,
        1,
        null,
        1,
        1,
        null,
        1,
        1,
        1,
        1,
        1,
        1,
        null,
        null,
        null,
        1,
        1,
        null,
        null,
        1,
        null,
        1,
        null,
        1,
        null,
        1,
        1,
        1,
        null,
        null,
        null
      ],
      "/Users/Junta/Desktop/Projects/i-shop-beer/spec/features/cart/user_adds_beer_to_cart_spec.rb": [
        1,
        null,
        1,
        1,
        1,
        null,
        null,
        1,
        null,
        null,
        null,
        null,
        null,
        1,
        null,
        1,
        1,
        null,
        1,
        1,
        1,
        null,
        1,
        1,
        null,
        null
      ],
      "/Users/Junta/Desktop/Projects/i-shop-beer/spec/features/cart/user_cannot_checkout_if_not_logged_in_spec.rb": [
        1,
        null,
        1,
        1,
        1,
        1,
        null,
        1,
        null,
        null,
        1,
        1,
        null,
        1,
        null,
        null,
        1,
        1,
        null,
        1,
        null,
        null,
        1,
        1,
        1,
        null,
        1,
        1,
        null,
        1,
        null,
        1,
        null,
        null,
        null
      ],
      "/Users/Junta/Desktop/Projects/i-shop-beer/spec/features/cart/user_views_cart_spec.rb": [
        1,
        null,
        1,
        1,
        null,
        1,
        null,
        null,
        1,
        null,
        null,
        null,
        null,
        null,
        1,
        null,
        1,
        1,
        1,
        null,
        null,
        1,
        null,
        null,
        1,
        1,
        null,
        1,
        null,
        null,
        1,
        null,
        null,
        null,
        null,
        null,
        1,
        1,
        1,
        null,
        1,
        null,
        null,
        null,
        1,
        1,
        null,
        1,
        null,
        null,
        1,
        null,
        null,
        null,
        null,
        null,
        1,
        null,
        1,
        1,
        1,
        1,
        1,
        null,
        null,
        null,
        1,
        1,
        null,
        1,
        null,
        null,
        1,
        null,
        null,
        null,
        null,
        null,
        1,
        null,
        1,
        1,
        1,
        1,
        1,
        null,
        1,
        null,
        null,
        null
      ],
      "/Users/Junta/Desktop/Projects/i-shop-beer/spec/features/orders/user_can_place_an_order_spec.rb": [
        1,
        null,
        1,
        1,
        1,
        1,
        1,
        1,
        1,
        null,
        1,
        null,
        1,
        1,
        1,
        1,
        null,
        1,
        1,
        1,
        1,
        null,
        null,
        null,
        1,
        1,
        1,
        null,
        1,
        null,
        1,
        null,
        1,
        null,
        null,
        null
      ],
      "/Users/Junta/Desktop/Projects/i-shop-beer/spec/features/orders/user_can_view_a_single_order_spec.rb": [
        1,
        null,
        1,
        1,
        1,
        1,
        1,
        1,
        1,
        1,
        null,
        null,
        1,
        1,
        1,
        1,
        1,
        null,
        null,
        1,
        null,
        1,
        1,
        1,
        1,
        1,
        null,
        1,
        1,
        1,
        1,
        1,
        1,
        null,
        null,
        1,
        1,
        1,
        1,
        1,
        null,
        null,
        1,
        null,
        1,
        null,
        1,
        1,
        null,
        1,
        1,
        1,
        1,
        1,
        1,
        null,
        1,
        1,
        1,
        1,
        1,
        null,
        null,
        1,
        null,
        1,
        null,
        1,
        1,
        null,
        1,
        1,
        1,
        1,
        1,
        1,
        null,
        1,
        1,
        1,
        1,
        1,
        null,
        null,
        1,
        null,
        1,
        null,
        null,
        null,
        null
      ],
      "/Users/Junta/Desktop/Projects/i-shop-beer/spec/features/orders/user_can_view_past_orders_spec.rb": [
        1,
        null,
        1,
        1,
        1,
        1,
        1,
        1,
        1,
        null,
        1,
        1,
        1,
        1,
        1,
        null,
        null,
        1,
        1,
        1,
        1,
        null,
        1,
        null,
        1,
        null,
        null,
        1,
        1,
        1,
        null,
        1,
        1,
        1,
        1,
        1,
        null,
        null,
        1,
        null,
        1,
        null,
        null,
        null,
        null
      ],
      "/Users/Junta/Desktop/Projects/i-shop-beer/spec/features/sessions/logged_in_user_doesnt_see_login_form_at_root_spec.rb": [
        1,
        null,
        1,
        1,
        1,
        1,
        1,
        null,
        1,
        1,
        1,
        1,
        1,
        null,
        1,
        null,
        1,
        null,
        null,
        null,
        null,
        1,
        1,
        1,
        1,
        1,
        null,
        1,
        null,
        1,
        null,
        null,
        null
      ],
      "/Users/Junta/Desktop/Projects/i-shop-beer/spec/features/styles/user_can_visit_styles_index_spec.rb": [
        1,
        null,
        1,
        1,
        1,
        1,
        1,
        null,
        1,
        null,
        1,
        1,
        1,
        null,
        null,
        1,
        1,
        1,
        1,
        1,
        1,
        1,
        null,
        1,
        null,
        1,
        1,
        null,
        null,
        1,
        1,
        null,
        null,
        1,
        1,
        1,
        1,
        1,
        1,
        1,
        null,
        1,
        1,
        1,
        null,
        null,
        1,
        1,
        null,
        null,
        null,
        1,
        1,
        null,
        1,
        null,
        1,
        null,
        null
      ],
      "/Users/Junta/Desktop/Projects/i-shop-beer/spec/features/users/guest_can_create_user_account_spec.rb": [
        1,
        null,
        1,
        1,
        null,
        1,
        1,
        1,
        1,
        1,
        null,
        1,
        1,
        1,
        1,
        null,
        null,
        null
      ],
      "/Users/Junta/Desktop/Projects/i-shop-beer/spec/features/users/user_can_log_in_spec.rb": [
        1,
        null,
        1,
        1,
        1,
        null,
        1,
        1,
        1,
        1,
        1,
        null,
        null,
        1,
        1,
        1,
        1,
        null,
        1,
        1,
        1,
        null,
        1,
        1,
        1,
        1,
        1,
        null,
        null,
        1,
        1,
        null,
        1,
        1,
        null,
        1,
        1,
        1,
        1,
        1,
        null,
        null,
        1,
        1,
        null,
        null,
        null
      ],
      "/Users/Junta/Desktop/Projects/i-shop-beer/spec/features/users/user_cannot_view_another_users_orders_spec.rb": [
        1,
        null,
        1,
        1,
        1,
        1,
        1,
        1,
        1,
        null,
        1,
        1,
        1,
        1,
        1,
        null,
        null,
        1,
        1,
        null,
        1,
        1,
        null,
        null,
        null
      ],
      "/Users/Junta/Desktop/Projects/i-shop-beer/spec/models/beer_order_spec.rb": [
        1,
        null,
        1,
        1,
        1,
        1,
        null,
        1,
        1,
        null,
        1,
        1,
        null,
        1,
        1,
        null,
        null,
        null
      ],
      "/Users/Junta/Desktop/Projects/i-shop-beer/app/models/beer_order.rb": [
        1,
        1,
        1,
        null
      ],
      "/Users/Junta/Desktop/Projects/i-shop-beer/spec/models/beer_spec.rb": [
        1,
        null,
        1,
        1,
        1,
        1,
        1,
        null,
        1,
        null,
        null,
        1,
        1,
        1,
        null,
        1,
        null,
        null,
        1,
        1,
        null,
        1,
        null,
        null,
        1,
        1,
        1,
        null,
        1,
        null,
        null,
        null,
        1,
        1,
        1,
        null,
        1,
        1,
        null,
        1,
        1,
        null,
        1,
        1,
        null,
        1,
        1,
        null,
        1,
        1,
        null,
        null,
        null,
        1,
        1,
        1,
        1,
        null,
        1,
        null,
        1,
        1,
        1,
        1,
        null,
        1,
        null,
        null,
        null,
        1,
        1,
        1,
        1,
        1,
        1,
        1,
        null,
        1,
        null,
        null,
        null,
        1,
        1,
        1,
        1,
        1,
        1,
        1,
        null,
        1,
        null,
        null,
        null,
        null
      ],
      "/Users/Junta/Desktop/Projects/i-shop-beer/spec/models/cart_spec.rb": [
        1,
        null,
        1,
        1,
        5,
        5,
        null,
        null,
        1,
        1,
        null,
        null,
        1,
        1,
        1,
        1,
        null,
        1,
        null,
        null,
        1,
        1,
        1,
        null,
        1,
        null,
        null,
        1,
        1,
        1,
        1,
        null,
        1,
        null,
        null,
        null,
        1,
        1,
        1,
        1,
        1,
        1,
        1,
        null,
        1,
        null,
        null,
        null,
        null
      ],
      "/Users/Junta/Desktop/Projects/i-shop-beer/app/models/cart.rb": [
        1,
        1,
        null,
        1,
        165,
        null,
        null,
        1,
        15,
        15,
        null,
        null,
        1,
        121,
        null,
        null,
        1,
        1,
        null,
        null,
        1,
        4,
        null,
        null,
        null
      ],
      "/Users/Junta/Desktop/Projects/i-shop-beer/spec/models/order_spec.rb": [
        1,
        null,
        1,
        1,
        1,
        1,
        null,
        1,
        1,
        null,
        1,
        1,
        null,
        1,
        1,
        null,
        1,
        1,
        null,
        1,
        1,
        null,
        null,
        null,
        null,
        1,
        1,
        1,
        1,
        1,
        1,
        null,
        1,
        null,
        null,
        null,
        1,
        1,
        1,
        1,
        1,
        1,
        1,
        1,
        1,
        null,
        1,
        null,
        null,
        null,
        1,
        1,
        1,
        1,
        null,
        1,
        null,
        1,
        1,
        1,
        null,
        1,
        1,
        null,
        1,
        1,
        1,
        null,
        1,
        1,
        null,
        null,
        1,
        1,
        1,
        null,
        1,
        1,
        null,
        null,
        null,
        null
      ],
      "/Users/Junta/Desktop/Projects/i-shop-beer/app/models/order.rb": [
        1,
        1,
        1,
        1,
        null,
        1,
        null,
        1,
        3,
        3,
        null,
        null,
        null,
        1,
        8,
        8,
        null,
        null,
        null,
        1,
        19,
        null,
        null,
        null
      ],
      "/Users/Junta/Desktop/Projects/i-shop-beer/spec/models/style_spec.rb": [
        1,
        null,
        1,
        1,
        1,
        1,
        null,
        1,
        null,
        null,
        1,
        1,
        null,
        1,
        null,
        null,
        null,
        1,
        1,
        1,
        null,
        1,
        1,
        null,
        null,
        null
      ],
      "/Users/Junta/Desktop/Projects/i-shop-beer/app/models/style.rb": [
        1,
        1,
        null,
        1,
        null,
        1,
        null,
        1,
        43,
        null,
        null,
        null
      ],
      "/Users/Junta/Desktop/Projects/i-shop-beer/spec/models/user_spec.rb": [
        1,
        null,
        1,
        1,
        1,
        1,
        null,
        1,
        null,
        1,
        1,
        null,
        1,
        null,
        1,
        1,
        1,
        null,
        1,
        null,
        null,
        null,
        1,
        1,
        1,
        null,
        1,
        null,
        null,
        null,
        1,
        1,
        1,
        null,
        1,
        1,
        null,
        null,
        null,
        1,
        1,
        1,
        null,
        1,
        null,
        1,
        null,
        1,
        null,
        null,
        null
      ],
      "/Users/Junta/Desktop/Projects/i-shop-beer/app/models/user.rb": [
        1,
        1,
        null,
        1,
        null,
        1,
        1,
        1,
        null,
        1,
        4,
        null,
        null
      ],
      "/Users/Junta/Desktop/Projects/i-shop-beer/app/controllers/sessions_controller.rb": [
        1,
        1,
        null,
        1,
        null,
        null,
        null,
        1,
        22,
        null,
        null,
        1,
        0,
        0,
        0,
        null,
        null
      ],
      "/Users/Junta/Desktop/Projects/i-shop-beer/app/controllers/admin/dashboard_controller.rb": [
        1,
        1,
        null,
        1,
        14,
        null,
        null,
        1,
        0,
        0,
        0,
        null,
        null,
        null,
        1,
        0,
        null,
        null,
        1,
        0,
        0,
        0,
        null,
        null,
        1,
        0,
        0,
        0,
        null,
        null,
        null
      ],
      "/Users/Junta/Desktop/Projects/i-shop-beer/app/controllers/admin/base_controller.rb": [
        1,
        1,
        null,
        1,
        23,
        null,
        null,
        null
      ],
      "/Users/Junta/Desktop/Projects/i-shop-beer/app/controllers/admin/users_controller.rb": [
        1,
        null,
        1,
        1,
        null,
        null,
        1,
        1,
        1,
        1,
        1,
        1,
        null,
        0,
        null,
        null,
        null,
        null,
        1,
        null,
        1,
        1,
        null,
        null,
        null,
        null
      ],
      "/Users/Junta/Desktop/Projects/i-shop-beer/app/controllers/orders_controller.rb": [
        1,
        null,
        1,
        2,
        2,
        2,
        2,
        2,
        2,
        2,
        null,
        0,
        null,
        null,
        null,
        1,
        8,
        8,
        7,
        7,
        null,
        1,
        null,
        null,
        null,
        1,
        4,
        null,
        null,
        null
      ],
      "/Users/Junta/Desktop/Projects/i-shop-beer/app/controllers/admin/beers_controller.rb": [
        1,
        null,
        1,
        3,
        null,
        null,
        1,
        1,
        1,
        null,
        null,
        1,
        1,
        1,
        1,
        1,
        1,
        null,
        0,
        null,
        null,
        null,
        1,
        null,
        1,
        1,
        null,
        null,
        null
      ],
      "/Users/Junta/Desktop/Projects/i-shop-beer/app/controllers/cart_controller.rb": [
        1,
        null,
        1,
        10,
        10,
        10,
        10,
        10,
        null,
        null,
        1,
        null,
        null,
        1,
        null,
        null,
        1,
        1,
        1,
        1,
        1,
        1,
        null,
        null,
        1,
        null,
        null,
        1,
        1,
        1,
        null,
        null,
        null,
        null
      ],
      "/Users/Junta/Desktop/Projects/i-shop-beer/app/controllers/users_controller.rb": [
        1,
        null,
        1,
        2,
        null,
        null,
        1,
        2,
        2,
        2,
        2,
        2,
        null,
        0,
        null,
        null,
        null,
        1,
        null,
        1,
        2,
        null,
        null,
        null,
        null
      ],
      "/Users/Junta/Desktop/Projects/i-shop-beer/app/controllers/dashboard_controller.rb": [
        1,
        null,
        1,
        2,
        null,
        null,
        null
      ]
    },
    "timestamp": 1478728651
  }
}
